{"logTime": "1006/084621", "correlationVector":"4BSFQ74CDioHiRIA5qEoK9","action":"Commit Request", "result":"", "context":Item count: 2
Contributing types: Sessions}
{"logTime": "1006/084621", "correlationVector":"4BSFQ74CDioHiRIA5qEoK9.1","action":"SyncServerConnectionManagerRequest", "result":"SYNC_SERVER_OK", "context":{"environment":"Prod_SoutheastAsia_000j", "migrationStage":"NotStarted", "server":"GENERAL0100001L"}}
{"logTime": "1006/084621", "correlationVector":"4BSFQ74CDioHiRIA5qEoK9.2","action":"Commit Response", "result":"SYNCER_OK", "context":Result: SYNCER_OK. cV=4BSFQ74CDioHiRIA5qEoK9.0;server=GENERAL0100001L;cloudType=Consumer;environment=Prod_SoutheastAsia_000j;migrationStage=NotStarted}
{"logTime": "1006/084857", "correlationVector":"1/Bq8oXGVvRzShXTWMkQ0O","action":"Commit Request", "result":"", "context":Item count: 1
Contributing types: Sessions}
{"logTime": "1006/084857", "correlationVector":"1/Bq8oXGVvRzShXTWMkQ0O.1","action":"SyncServerConnectionManagerRequest", "result":"SYNC_SERVER_OK", "context":{"environment":"Prod_SoutheastAsia_000j", "migrationStage":"NotStarted", "server":"GENERAL01000016"}}
{"logTime": "1006/084857", "correlationVector":"1/Bq8oXGVvRzShXTWMkQ0O.2","action":"Commit Response", "result":"SYNCER_OK", "context":Result: SYNCER_OK. cV=1/Bq8oXGVvRzShXTWMkQ0O.0;server=GENERAL01000016;cloudType=Consumer;environment=Prod_SoutheastAsia_000j;migrationStage=NotStarted}
{"logTime": "1006/085014", "correlationVector":"J3hstQtOF9Z/os4BB7xsXQ","action":"Commit Request", "result":"", "context":Item count: 1
Contributing types: Sessions}
{"logTime": "1006/085014", "correlationVector":"J3hstQtOF9Z/os4BB7xsXQ.1","action":"SyncServerConnectionManagerRequest", "result":"SYNC_SERVER_OK", "context":{"environment":"Prod_SoutheastAsia_000j", "migrationStage":"NotStarted", "server":"GENERAL0100000X"}}
{"logTime": "1006/085014", "correlationVector":"J3hstQtOF9Z/os4BB7xsXQ.2","action":"Commit Response", "result":"SYNCER_OK", "context":Result: SYNCER_OK. cV=J3hstQtOF9Z/os4BB7xsXQ.0;server=GENERAL0100000X;cloudType=Consumer;environment=Prod_SoutheastAsia_000j;migrationStage=NotStarted}
{"logTime": "1006/085214", "correlationVector":"zF0IR+YwbsB30IXgTdZSAW","action":"Commit Request", "result":"", "context":Item count: 1
Contributing types: Sessions}
{"logTime": "1006/085214", "correlationVector":"zF0IR+YwbsB30IXgTdZSAW.1","action":"SyncServerConnectionManagerRequest", "result":"SYNC_SERVER_OK", "context":{"environment":"Prod_SoutheastAsia_000j", "migrationStage":"NotStarted", "server":"GENERAL0100001E"}}
{"logTime": "1006/085214", "correlationVector":"zF0IR+YwbsB30IXgTdZSAW.2","action":"Commit Response", "result":"SYNCER_OK", "context":Result: SYNCER_OK. cV=zF0IR+YwbsB30IXgTdZSAW.0;server=GENERAL0100001E;cloudType=Consumer;environment=Prod_SoutheastAsia_000j;migrationStage=NotStarted}
{"logTime": "1006/090816", "correlationVector":"OSLGlzkrmFq6+dGhNVlFc7","action":"Commit Request", "result":"", "context":Item count: 1
Contributing types: Sessions}
{"logTime": "1006/090816", "correlationVector":"OSLGlzkrmFq6+dGhNVlFc7.1","action":"SyncServerConnectionManagerRequest", "result":"SYNC_SERVER_OK", "context":{"environment":"Prod_SoutheastAsia_000j", "migrationStage":"NotStarted", "server":"GENERAL0100001C"}}
{"logTime": "1006/090816", "correlationVector":"OSLGlzkrmFq6+dGhNVlFc7.2","action":"Commit Response", "result":"SYNCER_OK", "context":Result: SYNCER_OK. cV=OSLGlzkrmFq6+dGhNVlFc7.0;server=GENERAL0100001C;cloudType=Consumer;environment=Prod_SoutheastAsia_000j;migrationStage=NotStarted}
{"logTime": "1006/151744", "correlationVector":"MqndsbPtDJsTauwMBqSLZH.0","action":"FeedSettingFetch_homeCloud", "result":"0", "context":{}}
{"logTime": "1006/151744", "correlationVector":"3FJt87XmtK2mT+jo32ek1o.1","action":"SyncServerConnectionManagerRequest", "result":"SYNC_SERVER_OK", "context":{"environment":"Prod_SoutheastAsia_000j", "migrationStage":"NotStarted", "server":"GENERAL0100001E"}}
{"logTime": "1006/151744", "correlationVector":"3FJt87XmtK2mT+jo32ek1o","action":"Initial GetUpdates", "result":"", "context":Reason: NEW_CLIENT. cV=3FJt87XmtK2mT+jo32ek1o}
{"logTime": "1006/151744", "correlationVector":"3FJt87XmtK2mT+jo32ek1o.2","action":"GetUpdates Response", "result":"SYNCER_OK", "context":Received 1 update(s). cV=3FJt87XmtK2mT+jo32ek1o.0;server=GENERAL0100001E;cloudType=Consumer;environment=Prod_SoutheastAsia_000j;migrationStage=NotStarted}
{"logTime": "1006/151751", "correlationVector":"eoh8svng6PhEbTOYdvOIY9","action":"SyncServerConnectionManagerRequest", "result":"SYNC_SERVER_OK", "context":{"environment":"", "migrationStage":"", "server":""}}
{"logTime": "1006/151751", "correlationVector":"IA9focesd6wgkiKc+5TmAr","action":"Initial GetUpdates", "result":"", "context":Reason: NEWLY_SUPPORTED_DATATYPE. cV=IA9focesd6wgkiKc+5TmAr}
{"logTime": "1006/151752", "correlationVector":"IA9focesd6wgkiKc+5TmAr.1","action":"SyncServerConnectionManagerRequest", "result":"SYNC_SERVER_OK", "context":{"environment":"Prod_SoutheastAsia_000j", "migrationStage":"NotStarted", "server":"GENERAL0100000B"}}
{"logTime": "1006/151752", "correlationVector":"IA9focesd6wgkiKc+5TmAr.2","action":"GetUpdates Response", "result":"SYNCER_OK", "context":Received 122 update(s). cV=IA9focesd6wgkiKc+5TmAr.0;server=GENERAL0100000B;cloudType=Consumer;environment=Prod_SoutheastAsia_000j;migrationStage=NotStarted}
{"logTime": "1006/151752", "correlationVector":"0rpQ1x1A5cOhfaBoGhUQZ3","action":"Normal GetUpdate request", "result":"", "context":cV=0rpQ1x1A5cOhfaBoGhUQZ3
Nudged types: Sessions, User Consents
Refresh requested types: Bookmarks, Preferences, Passwords, Autofill Profiles, Autofill, Autofill Custom Data, Typed URLs, Extensions, Sessions, Extension settings, History Delete Directives, Device Info, User Consents, Send Tab To Self, Web Apps, Collection, Edge E Drop, Edge Hub App Usage, Edge Wallet, Encryption Keys}
{"logTime": "1006/151752", "correlationVector":"0rpQ1x1A5cOhfaBoGhUQZ3.1","action":"SyncServerConnectionManagerRequest", "result":"SYNC_SERVER_OK", "context":{"environment":"Prod_SoutheastAsia_000j", "migrationStage":"NotStarted", "server":"GENERAL01000005"}}
{"logTime": "1006/151752", "correlationVector":"0rpQ1x1A5cOhfaBoGhUQZ3.2","action":"GetUpdates", "result":"DeleteReceived", "context":{"id":"4f72a05b-1b0a-4d8c-a2c1-4fb64f901640", "isDeleted:":"true", "version":"1696583522904"}}
{"logTime": "1006/151752", "correlationVector":"0rpQ1x1A5cOhfaBoGhUQZ3.3","action":"GetUpdates Response", "result":"SYNCER_OK", "context":Received 3 update(s). cV=0rpQ1x1A5cOhfaBoGhUQZ3.0;server=GENERAL01000005;cloudType=Consumer;environment=Prod_SoutheastAsia_000j;migrationStage=NotStarted}
{"logTime": "1006/151752", "correlationVector":"DaiuZ4XjLr/21CamgDHC9w","action":"Commit Request", "result":"", "context":Item count: 1
Contributing types: User Consents}
{"logTime": "1006/151752", "correlationVector":"DaiuZ4XjLr/21CamgDHC9w.1","action":"SyncServerConnectionManagerRequest", "result":"SYNC_SERVER_OK", "context":{"environment":"Prod_SoutheastAsia_000j", "migrationStage":"NotStarted", "server":"GENERAL0100000H"}}
{"logTime": "1006/151752", "correlationVector":"DaiuZ4XjLr/21CamgDHC9w.2","action":"Commit Response", "result":"SYNCER_OK", "context":Result: SYNCER_OK. cV=DaiuZ4XjLr/21CamgDHC9w.0;server=GENERAL0100000H;cloudType=Consumer;environment=Prod_SoutheastAsia_000j;migrationStage=NotStarted}
{"logTime": "1006/151944", "correlationVector":"rpZ0NZesAUN6lW3cjCuJlh","action":"Commit Request", "result":"", "context":Item count: 2
Contributing types: Sessions}
{"logTime": "1006/151944", "correlationVector":"rpZ0NZesAUN6lW3cjCuJlh.1","action":"SyncServerConnectionManagerRequest", "result":"SYNC_SERVER_OK", "context":{"environment":"Prod_SoutheastAsia_000j", "migrationStage":"NotStarted", "server":"GENERAL0100001F"}}
{"logTime": "1006/151944", "correlationVector":"rpZ0NZesAUN6lW3cjCuJlh.2","action":"Commit Response", "result":"SYNCER_OK", "context":Result: SYNCER_OK. cV=rpZ0NZesAUN6lW3cjCuJlh.0;server=GENERAL0100001F;cloudType=Consumer;environment=Prod_SoutheastAsia_000j;migrationStage=NotStarted}
{"logTime": "1006/152641", "correlationVector":"3+aR9dtq37MFJOjl0ZYp6o","action":"Commit Request", "result":"", "context":Item count: 1
Contributing types: Sessions}
{"logTime": "1006/152641", "correlationVector":"3+aR9dtq37MFJOjl0ZYp6o.1","action":"SyncServerConnectionManagerRequest", "result":"SYNC_SERVER_OK", "context":{"environment":"Prod_SoutheastAsia_000j", "migrationStage":"NotStarted", "server":"general01000014"}}
{"logTime": "1006/152641", "correlationVector":"3+aR9dtq37MFJOjl0ZYp6o.2","action":"Commit Response", "result":"SYNCER_OK", "context":Result: SYNCER_OK. cV=3+aR9dtq37MFJOjl0ZYp6o.0;server=general01000014;cloudType=Consumer;environment=Prod_SoutheastAsia_000j;migrationStage=NotStarted}
{"logTime": "1006/153717", "correlationVector":"ziwros/H5HArDQaAnje5Z8","action":"Commit Request", "result":"", "context":Item count: 1
Contributing types: Sessions}
{"logTime": "1006/153717", "correlationVector":"ziwros/H5HArDQaAnje5Z8.1","action":"SyncServerConnectionManagerRequest", "result":"SYNC_SERVER_OK", "context":{"environment":"Prod_SoutheastAsia_000j", "migrationStage":"NotStarted", "server":"GENERAL0100000Z"}}
{"logTime": "1006/153717", "correlationVector":"ziwros/H5HArDQaAnje5Z8.2","action":"Commit Response", "result":"SYNCER_OK", "context":Result: SYNCER_OK. cV=ziwros/H5HArDQaAnje5Z8.0;server=GENERAL0100000Z;cloudType=Consumer;environment=Prod_SoutheastAsia_000j;migrationStage=NotStarted}
{"logTime": "1006/154949", "correlationVector":"9yc8nl+6YYRhO7oGI9HrXp","action":"Commit Request", "result":"", "context":Item count: 1
Contributing types: Sessions}
{"logTime": "1006/154950", "correlationVector":"9yc8nl+6YYRhO7oGI9HrXp.1","action":"SyncServerConnectionManagerRequest", "result":"SYNC_SERVER_OK", "context":{"environment":"Prod_SoutheastAsia_000j", "migrationStage":"NotStarted", "server":"GENERAL0100000I"}}
{"logTime": "1006/154950", "correlationVector":"9yc8nl+6YYRhO7oGI9HrXp.2","action":"Commit Response", "result":"SYNCER_OK", "context":Result: SYNCER_OK. cV=9yc8nl+6YYRhO7oGI9HrXp.0;server=GENERAL0100000I;cloudType=Consumer;environment=Prod_SoutheastAsia_000j;migrationStage=NotStarted}
{"logTime": "1006/155020", "correlationVector":"x6LrotVXoCl6Zldi0/BTmA","action":"Commit Request", "result":"", "context":Item count: 1
Contributing types: Sessions}
{"logTime": "1006/155020", "correlationVector":"x6LrotVXoCl6Zldi0/BTmA.1","action":"SyncServerConnectionManagerRequest", "result":"SYNC_SERVER_OK", "context":{"environment":"Prod_SoutheastAsia_000j", "migrationStage":"NotStarted", "server":"GENERAL01000013"}}
{"logTime": "1006/155020", "correlationVector":"x6LrotVXoCl6Zldi0/BTmA.2","action":"Commit Response", "result":"SYNCER_OK", "context":Result: SYNCER_OK. cV=x6LrotVXoCl6Zldi0/BTmA.0;server=GENERAL01000013;cloudType=Consumer;environment=Prod_SoutheastAsia_000j;migrationStage=NotStarted}
{"logTime": "1006/155059", "correlationVector":"aDm2PwuyekHwkDUNaEnnLW","action":"Commit Request", "result":"", "context":Item count: 1
Contributing types: Sessions}
{"logTime": "1006/155100", "correlationVector":"aDm2PwuyekHwkDUNaEnnLW.1","action":"SyncServerConnectionManagerRequest", "result":"SYNC_SERVER_OK", "context":{"environment":"Prod_SoutheastAsia_000j", "migrationStage":"NotStarted", "server":"GENERAL01000015"}}
{"logTime": "1006/155100", "correlationVector":"aDm2PwuyekHwkDUNaEnnLW.2","action":"Commit Response", "result":"SYNCER_OK", "context":Result: SYNCER_OK. cV=aDm2PwuyekHwkDUNaEnnLW.0;server=GENERAL01000015;cloudType=Consumer;environment=Prod_SoutheastAsia_000j;migrationStage=NotStarted}
{"logTime": "1006/155134", "correlationVector":"gpz0jbZtSipNa2YXPiQPSs","action":"Commit Request", "result":"", "context":Item count: 1
Contributing types: Sessions}
{"logTime": "1006/155134", "correlationVector":"gpz0jbZtSipNa2YXPiQPSs.1","action":"SyncServerConnectionManagerRequest", "result":"SYNC_SERVER_OK", "context":{"environment":"Prod_SoutheastAsia_000j", "migrationStage":"NotStarted", "server":"GENERAL0100001F"}}
{"logTime": "1006/155134", "correlationVector":"gpz0jbZtSipNa2YXPiQPSs.2","action":"Commit Response", "result":"SYNCER_OK", "context":Result: SYNCER_OK. cV=gpz0jbZtSipNa2YXPiQPSs.0;server=GENERAL0100001F;cloudType=Consumer;environment=Prod_SoutheastAsia_000j;migrationStage=NotStarted}
{"logTime": "1006/155829", "correlationVector":"S0kJ5eFVI9SCft7Q6lXw7j","action":"Commit Request", "result":"", "context":Item count: 1
Contributing types: Sessions}
{"logTime": "1006/155829", "correlationVector":"S0kJ5eFVI9SCft7Q6lXw7j.1","action":"SyncServerConnectionManagerRequest", "result":"SYNC_SERVER_OK", "context":{"environment":"Prod_SoutheastAsia_000j", "migrationStage":"NotStarted", "server":"GENERAL01000018"}}
{"logTime": "1006/155829", "correlationVector":"S0kJ5eFVI9SCft7Q6lXw7j.2","action":"Commit Response", "result":"SYNCER_OK", "context":Result: SYNCER_OK. cV=S0kJ5eFVI9SCft7Q6lXw7j.0;server=GENERAL01000018;cloudType=Consumer;environment=Prod_SoutheastAsia_000j;migrationStage=NotStarted}
{"logTime": "1006/155935", "correlationVector":"B0AhPSjygNLgpuUfnK6ZU+","action":"Commit Request", "result":"", "context":Item count: 1
Contributing types: Sessions}
{"logTime": "1006/155935", "correlationVector":"B0AhPSjygNLgpuUfnK6ZU+.1","action":"SyncServerConnectionManagerRequest", "result":"SYNC_SERVER_OK", "context":{"environment":"Prod_SoutheastAsia_000j", "migrationStage":"NotStarted", "server":"GENERAL0100000K"}}
{"logTime": "1006/155936", "correlationVector":"B0AhPSjygNLgpuUfnK6ZU+.2","action":"Commit Response", "result":"SYNCER_OK", "context":Result: SYNCER_OK. cV=B0AhPSjygNLgpuUfnK6ZU+.0;server=GENERAL0100000K;cloudType=Consumer;environment=Prod_SoutheastAsia_000j;migrationStage=NotStarted}
{"logTime": "1007/012603", "correlationVector":"qxfsq+CdXD7aFyBxro/1I5.0","action":"FeedSettingFetch_homeCloud", "result":"0", "context":{}}
{"logTime": "1007/012603", "correlationVector":"qxfsq+CdXD7aFyBxro/1I5.0","action":"SyncServerConnectionManagerRequest", "result":"SYNC_SERVER_OK", "context":{"environment":"", "migrationStage":"", "server":""}}
{"logTime": "1007/012603", "correlationVector":"Ssa5EPX/4/7sj09/GlZvqP.1","action":"SyncServerConnectionManagerRequest", "result":"SYNC_SERVER_OK", "context":{"environment":"Prod_EastAsia_000d", "migrationStage":"NotStarted", "server":"GENERAL0100000B"}}
{"logTime": "1007/012603", "correlationVector":"Ssa5EPX/4/7sj09/GlZvqP","action":"Initial GetUpdates", "result":"", "context":Reason: NEW_CLIENT. cV=Ssa5EPX/4/7sj09/GlZvqP}
{"logTime": "1007/012603", "correlationVector":"Ssa5EPX/4/7sj09/GlZvqP.2","action":"GetUpdates Response", "result":"SYNCER_OK", "context":Received 1 update(s). cV=Ssa5EPX/4/7sj09/GlZvqP.0;server=GENERAL0100000B;cloudType=Consumer;environment=Prod_EastAsia_000d;migrationStage=NotStarted}
{"logTime": "1007/012603", "correlationVector":"eFc93rGgJUXSRYTzmmNTKx","action":"Initial GetUpdates", "result":"", "context":Reason: NEWLY_SUPPORTED_DATATYPE. cV=eFc93rGgJUXSRYTzmmNTKx}
{"logTime": "1007/012603", "correlationVector":"eFc93rGgJUXSRYTzmmNTKx.1","action":"SyncServerConnectionManagerRequest", "result":"SYNC_SERVER_OK", "context":{"environment":"Prod_EastAsia_000d", "migrationStage":"NotStarted", "server":"GENERAL0100000P"}}
{"logTime": "1007/012603", "correlationVector":"eFc93rGgJUXSRYTzmmNTKx.2","action":"GetUpdates Response", "result":"SYNCER_OK", "context":Received 122 update(s). cV=eFc93rGgJUXSRYTzmmNTKx.0;server=GENERAL0100000P;cloudType=Consumer;environment=Prod_EastAsia_000d;migrationStage=NotStarted}
{"logTime": "1007/012603", "correlationVector":"sC2RkOhV93B0sJyMmEb28F","action":"Normal GetUpdate request", "result":"", "context":cV=sC2RkOhV93B0sJyMmEb28F
Nudged types: Sessions, User Consents
Refresh requested types: Bookmarks, Preferences, Passwords, Autofill Profiles, Autofill, Autofill Custom Data, Typed URLs, Extensions, Sessions, Extension settings, History Delete Directives, Device Info, User Consents, Send Tab To Self, Web Apps, Collection, Edge E Drop, Edge Hub App Usage, Edge Wallet, Encryption Keys}
{"logTime": "1007/012603", "correlationVector":"sC2RkOhV93B0sJyMmEb28F.1","action":"SyncServerConnectionManagerRequest", "result":"SYNC_SERVER_OK", "context":{"environment":"Prod_EastAsia_000d", "migrationStage":"NotStarted", "server":"GENERAL01000029"}}
{"logTime": "1007/012603", "correlationVector":"sC2RkOhV93B0sJyMmEb28F.2","action":"GetUpdates", "result":"DeleteReceived", "context":{"id":"6f67578e-92fa-40e8-a1ad-1d600f84c3ff", "isDeleted:":"true", "version":"1696608301158"}}
{"logTime": "1007/012603", "correlationVector":"sC2RkOhV93B0sJyMmEb28F.3","action":"GetUpdates Response", "result":"SYNCER_OK", "context":Received 3 update(s). cV=sC2RkOhV93B0sJyMmEb28F.0;server=GENERAL01000029;cloudType=Consumer;environment=Prod_EastAsia_000d;migrationStage=NotStarted}
{"logTime": "1007/012603", "correlationVector":"iND0WF5EFLzzZWUfI30yFJ","action":"Commit Request", "result":"", "context":Item count: 1
Contributing types: User Consents}
{"logTime": "1007/012603", "correlationVector":"iND0WF5EFLzzZWUfI30yFJ.1","action":"SyncServerConnectionManagerRequest", "result":"SYNC_SERVER_OK", "context":{"environment":"Prod_EastAsia_000d", "migrationStage":"NotStarted", "server":"GENERAL0100000T"}}
{"logTime": "1007/012603", "correlationVector":"iND0WF5EFLzzZWUfI30yFJ.2","action":"Commit Response", "result":"SYNCER_OK", "context":Result: SYNCER_OK. cV=iND0WF5EFLzzZWUfI30yFJ.0;server=GENERAL0100000T;cloudType=Consumer;environment=Prod_EastAsia_000d;migrationStage=NotStarted}
{"logTime": "1007/012603", "correlationVector":"wwoTryL6UB5iMaOoMQku0C","action":"Poll GetUpdate request", "result":"", "context":cV=wwoTryL6UB5iMaOoMQku0C}
{"logTime": "1007/012603", "correlationVector":"wwoTryL6UB5iMaOoMQku0C.1","action":"SyncServerConnectionManagerRequest", "result":"SYNC_SERVER_OK", "context":{"environment":"Prod_EastAsia_000d", "migrationStage":"NotStarted", "server":"GENERAL0100002A"}}
{"logTime": "1007/012603", "correlationVector":"wwoTryL6UB5iMaOoMQku0C.2","action":"GetUpdates Response", "result":"SYNCER_OK", "context":Received 0 update(s). cV=wwoTryL6UB5iMaOoMQku0C.0;server=GENERAL0100002A;cloudType=Consumer;environment=Prod_EastAsia_000d;migrationStage=NotStarted}
{"logTime": "1007/012637", "correlationVector":"8OLxWh2X3yXQu/1FObiPp2","action":"Normal GetUpdate request", "result":"", "context":cV=8OLxWh2X3yXQu/1FObiPp2
Nudged types: Sessions}
{"logTime": "1007/012638", "correlationVector":"8OLxWh2X3yXQu/1FObiPp2.1","action":"SyncServerConnectionManagerRequest", "result":"SYNC_SERVER_OK", "context":{"environment":"Prod_EastAsia_000d", "migrationStage":"NotStarted", "server":"GENERAL0100000B"}}
{"logTime": "1007/012638", "correlationVector":"8OLxWh2X3yXQu/1FObiPp2.2","action":"GetUpdates Response", "result":"SYNCER_OK", "context":Received 0 update(s). cV=8OLxWh2X3yXQu/1FObiPp2.0;server=GENERAL0100000B;cloudType=Consumer;environment=Prod_EastAsia_000d;migrationStage=NotStarted}
{"logTime": "1007/012638", "correlationVector":"ilKXif5UsmjBTWBgVZ0KIC","action":"Commit Request", "result":"", "context":Item count: 2
Contributing types: Sessions}
{"logTime": "1007/012638", "correlationVector":"ilKXif5UsmjBTWBgVZ0KIC.1","action":"SyncServerConnectionManagerRequest", "result":"SYNC_SERVER_OK", "context":{"environment":"Prod_EastAsia_000d", "migrationStage":"NotStarted", "server":"GENERAL01000019"}}
{"logTime": "1007/012638", "correlationVector":"ilKXif5UsmjBTWBgVZ0KIC.2","action":"Commit Response", "result":"SYNCER_OK", "context":Result: SYNCER_OK. cV=ilKXif5UsmjBTWBgVZ0KIC.0;server=GENERAL01000019;cloudType=Consumer;environment=Prod_EastAsia_000d;migrationStage=NotStarted}
{"logTime": "1007/012909", "correlationVector":"7OJdGrAHCEGmyLZbgTm/4+","action":"Commit Request", "result":"", "context":Item count: 1
Contributing types: Sessions}
{"logTime": "1007/012910", "correlationVector":"7OJdGrAHCEGmyLZbgTm/4+.1","action":"SyncServerConnectionManagerRequest", "result":"SYNC_SERVER_OK", "context":{"environment":"Prod_EastAsia_000d", "migrationStage":"NotStarted", "server":"GENERAL0100001S"}}
{"logTime": "1007/012910", "correlationVector":"7OJdGrAHCEGmyLZbgTm/4+.2","action":"Commit Response", "result":"SYNCER_OK", "context":Result: SYNCER_OK. cV=7OJdGrAHCEGmyLZbgTm/4+.0;server=GENERAL0100001S;cloudType=Consumer;environment=Prod_EastAsia_000d;migrationStage=NotStarted}
{"logTime": "1007/013017", "correlationVector":"GcF7qBgbJJ5hV54MW5R6lP","action":"Commit Request", "result":"", "context":Item count: 1
Contributing types: Sessions}
{"logTime": "1007/013017", "correlationVector":"GcF7qBgbJJ5hV54MW5R6lP.1","action":"SyncServerConnectionManagerRequest", "result":"SYNC_SERVER_OK", "context":{"environment":"Prod_EastAsia_000d", "migrationStage":"NotStarted", "server":"GENERAL0100001M"}}
{"logTime": "1007/013017", "correlationVector":"GcF7qBgbJJ5hV54MW5R6lP.2","action":"Commit Response", "result":"SYNCER_OK", "context":Result: SYNCER_OK. cV=GcF7qBgbJJ5hV54MW5R6lP.0;server=GENERAL0100001M;cloudType=Consumer;environment=Prod_EastAsia_000d;migrationStage=NotStarted}
{"logTime": "1007/013524", "correlationVector":"EcBnfTuWQe/zxXlx3W1oQN","action":"Commit Request", "result":"", "context":Item count: 1
Contributing types: Sessions}
{"logTime": "1007/013525", "correlationVector":"EcBnfTuWQe/zxXlx3W1oQN.1","action":"SyncServerConnectionManagerRequest", "result":"SYNC_SERVER_OK", "context":{"environment":"Prod_EastAsia_000d", "migrationStage":"NotStarted", "server":"GENERAL01000016"}}
{"logTime": "1007/013525", "correlationVector":"EcBnfTuWQe/zxXlx3W1oQN.2","action":"Commit Response", "result":"SYNCER_OK", "context":Result: SYNCER_OK. cV=EcBnfTuWQe/zxXlx3W1oQN.0;server=GENERAL01000016;cloudType=Consumer;environment=Prod_EastAsia_000d;migrationStage=NotStarted}
{"logTime": "1007/013804", "correlationVector":"twZfzWcwKN0cVkvtKTaqFj","action":"Commit Request", "result":"", "context":Item count: 1
Contributing types: Sessions}
{"logTime": "1007/013804", "correlationVector":"twZfzWcwKN0cVkvtKTaqFj.1","action":"SyncServerConnectionManagerRequest", "result":"SYNC_SERVER_OK", "context":{"environment":"Prod_EastAsia_000d", "migrationStage":"NotStarted", "server":"GENERAL0100001M"}}
{"logTime": "1007/013804", "correlationVector":"twZfzWcwKN0cVkvtKTaqFj.2","action":"Commit Response", "result":"SYNCER_OK", "context":Result: SYNCER_OK. cV=twZfzWcwKN0cVkvtKTaqFj.0;server=GENERAL0100001M;cloudType=Consumer;environment=Prod_EastAsia_000d;migrationStage=NotStarted}
{"logTime": "1007/014226", "correlationVector":"vvAbc1GIEdUP7Hmix9gO2R","action":"Commit Request", "result":"", "context":Item count: 1
Contributing types: Sessions}
{"logTime": "1007/014227", "correlationVector":"vvAbc1GIEdUP7Hmix9gO2R.1","action":"SyncServerConnectionManagerRequest", "result":"SYNC_SERVER_OK", "context":{"environment":"Prod_EastAsia_000d", "migrationStage":"NotStarted", "server":"GENERAL0100000T"}}
{"logTime": "1007/014227", "correlationVector":"vvAbc1GIEdUP7Hmix9gO2R.2","action":"Commit Response", "result":"SYNCER_OK", "context":Result: SYNCER_OK. cV=vvAbc1GIEdUP7Hmix9gO2R.0;server=GENERAL0100000T;cloudType=Consumer;environment=Prod_EastAsia_000d;migrationStage=NotStarted}
{"logTime": "1007/014321", "correlationVector":"sNn0xuakGETVWkDwfanue6.0","action":"FeedSettingFetch_homeCloud", "result":"0", "context":{}}
{"logTime": "1007/014321", "correlationVector":"RuGuk54bVaPIbopyS2Zf5q.1","action":"SyncServerConnectionManagerRequest", "result":"SYNC_SERVER_OK", "context":{"environment":"Prod_EastAsia_000d", "migrationStage":"NotStarted", "server":"GENERAL01000018"}}
{"logTime": "1007/014321", "correlationVector":"RuGuk54bVaPIbopyS2Zf5q","action":"Initial GetUpdates", "result":"", "context":Reason: NEW_CLIENT. cV=RuGuk54bVaPIbopyS2Zf5q}
{"logTime": "1007/014321", "correlationVector":"RuGuk54bVaPIbopyS2Zf5q.2","action":"GetUpdates Response", "result":"SYNCER_OK", "context":Received 1 update(s). cV=RuGuk54bVaPIbopyS2Zf5q.0;server=GENERAL01000018;cloudType=Consumer;environment=Prod_EastAsia_000d;migrationStage=NotStarted}
{"logTime": "1007/014321", "correlationVector":"xtrVvSsPfUvm04saIuxoAW","action":"SyncServerConnectionManagerRequest", "result":"SYNC_SERVER_OK", "context":{"environment":"", "migrationStage":"", "server":""}}
{"logTime": "1007/014321", "correlationVector":"1vlPXhy91jZknPR1ryOEt/","action":"Initial GetUpdates", "result":"", "context":Reason: NEWLY_SUPPORTED_DATATYPE. cV=1vlPXhy91jZknPR1ryOEt/}
{"logTime": "1007/014321", "correlationVector":"1vlPXhy91jZknPR1ryOEt/.1","action":"SyncServerConnectionManagerRequest", "result":"SYNC_SERVER_OK", "context":{"environment":"Prod_EastAsia_000d", "migrationStage":"NotStarted", "server":"GENERAL0100001S"}}
{"logTime": "1007/014321", "correlationVector":"1vlPXhy91jZknPR1ryOEt/.2","action":"GetUpdates Response", "result":"SYNCER_OK", "context":Received 122 update(s). cV=1vlPXhy91jZknPR1ryOEt/.0;server=GENERAL0100001S;cloudType=Consumer;environment=Prod_EastAsia_000d;migrationStage=NotStarted}
{"logTime": "1007/014321", "correlationVector":"1JP+btARAVtWrFvbVLK46F","action":"Normal GetUpdate request", "result":"", "context":cV=1JP+btARAVtWrFvbVLK46F
Nudged types: Sessions, User Consents
Refresh requested types: Bookmarks, Preferences, Passwords, Autofill Profiles, Autofill, Autofill Custom Data, Typed URLs, Extensions, Sessions, Extension settings, History Delete Directives, Device Info, User Consents, Send Tab To Self, Web Apps, Collection, Edge E Drop, Edge Hub App Usage, Edge Wallet, Encryption Keys}
{"logTime": "1007/014321", "correlationVector":"1JP+btARAVtWrFvbVLK46F.1","action":"SyncServerConnectionManagerRequest", "result":"SYNC_SERVER_OK", "context":{"environment":"Prod_EastAsia_000d", "migrationStage":"NotStarted", "server":"GENERAL01000023"}}
{"logTime": "1007/014321", "correlationVector":"1JP+btARAVtWrFvbVLK46F.2","action":"GetUpdates Response", "result":"SYNCER_OK", "context":Received 2 update(s). cV=1JP+btARAVtWrFvbVLK46F.0;server=GENERAL01000023;cloudType=Consumer;environment=Prod_EastAsia_000d;migrationStage=NotStarted}
{"logTime": "1007/014321", "correlationVector":"otie5RI3usHMob1VUEjMk4","action":"Commit Request", "result":"", "context":Item count: 4
Contributing types: Sessions, User Consents}
{"logTime": "1007/014321", "correlationVector":"otie5RI3usHMob1VUEjMk4.1","action":"SyncServerConnectionManagerRequest", "result":"SYNC_SERVER_OK", "context":{"environment":"Prod_EastAsia_000d", "migrationStage":"NotStarted", "server":"GENERAL0100000B"}}
{"logTime": "1007/014321", "correlationVector":"otie5RI3usHMob1VUEjMk4.3","action":"Commit.Sessions", "result":"Success", "context":{"id":"38f9812e-a54c-4f19-804a-19596c5e034f", "isDeleted":"true", "size":"0", "version":"1696642949288"}}
{"logTime": "1007/014321", "correlationVector":"otie5RI3usHMob1VUEjMk4.2","action":"Commit Response", "result":"SYNCER_OK", "context":Result: SYNCER_OK. cV=otie5RI3usHMob1VUEjMk4.0;server=GENERAL0100000B;cloudType=Consumer;environment=Prod_EastAsia_000d;migrationStage=NotStarted}
{"logTime": "1007/014349", "correlationVector":"VOlNuEYDw7o4Yxh0f5nW7i","action":"Normal GetUpdate request", "result":"", "context":cV=VOlNuEYDw7o4Yxh0f5nW7i
Nudged types: Sessions}
{"logTime": "1007/014349", "correlationVector":"VOlNuEYDw7o4Yxh0f5nW7i.1","action":"SyncServerConnectionManagerRequest", "result":"SYNC_SERVER_OK", "context":{"environment":"Prod_EastAsia_000d", "migrationStage":"NotStarted", "server":"GENERAL01000029"}}
{"logTime": "1007/014349", "correlationVector":"VOlNuEYDw7o4Yxh0f5nW7i.2","action":"GetUpdates", "result":"DeleteReceived", "context":{"id":"38f9812e-a54c-4f19-804a-19596c5e034f", "isDeleted:":"true", "version":"1696643001219"}}
{"logTime": "1007/014349", "correlationVector":"VOlNuEYDw7o4Yxh0f5nW7i.3","action":"GetUpdates Response", "result":"SYNCER_OK", "context":Received 3 update(s). cV=VOlNuEYDw7o4Yxh0f5nW7i.0;server=GENERAL01000029;cloudType=Consumer;environment=Prod_EastAsia_000d;migrationStage=NotStarted}
{"logTime": "1007/014349", "correlationVector":"KsJcumMU7cPs87eYbcFHDf","action":"Commit Request", "result":"", "context":Item count: 1
Contributing types: Sessions}
{"logTime": "1007/014350", "correlationVector":"KsJcumMU7cPs87eYbcFHDf.1","action":"SyncServerConnectionManagerRequest", "result":"SYNC_SERVER_OK", "context":{"environment":"Prod_EastAsia_000d", "migrationStage":"NotStarted", "server":"GENERAL0100000C"}}
{"logTime": "1007/014350", "correlationVector":"KsJcumMU7cPs87eYbcFHDf.2","action":"Commit Response", "result":"SYNCER_OK", "context":Result: SYNCER_OK. cV=KsJcumMU7cPs87eYbcFHDf.0;server=GENERAL0100000C;cloudType=Consumer;environment=Prod_EastAsia_000d;migrationStage=NotStarted}
{"logTime": "1007/021904", "correlationVector":"v601YA0XRj4QW00j15M8jp.0","action":"FeedSettingFetch_homeCloud", "result":"0", "context":{}}
{"logTime": "1007/021904", "correlationVector":"wje76fn0mfZx9w4ocOkb2H.1","action":"SyncServerConnectionManagerRequest", "result":"SYNC_SERVER_OK", "context":{"environment":"Prod_EastAsia_000d", "migrationStage":"NotStarted", "server":"GENERAL0100001U"}}
{"logTime": "1007/021904", "correlationVector":"wje76fn0mfZx9w4ocOkb2H","action":"Initial GetUpdates", "result":"", "context":Reason: NEW_CLIENT. cV=wje76fn0mfZx9w4ocOkb2H}
{"logTime": "1007/021904", "correlationVector":"wje76fn0mfZx9w4ocOkb2H.2","action":"GetUpdates Response", "result":"SYNCER_OK", "context":Received 1 update(s). cV=wje76fn0mfZx9w4ocOkb2H.0;server=GENERAL0100001U;cloudType=Consumer;environment=Prod_EastAsia_000d;migrationStage=NotStarted}
{"logTime": "1007/021904", "correlationVector":"bA4CpQQ6KGded1hh8et1ey","action":"SyncServerConnectionManagerRequest", "result":"SYNC_SERVER_OK", "context":{"environment":"", "migrationStage":"", "server":""}}
{"logTime": "1007/021904", "correlationVector":"taI93O3zNdw0Zd7WVdYhCo","action":"Initial GetUpdates", "result":"", "context":Reason: NEWLY_SUPPORTED_DATATYPE. cV=taI93O3zNdw0Zd7WVdYhCo}
{"logTime": "1007/021904", "correlationVector":"taI93O3zNdw0Zd7WVdYhCo.1","action":"SyncServerConnectionManagerRequest", "result":"SYNC_SERVER_OK", "context":{"environment":"Prod_EastAsia_000d", "migrationStage":"NotStarted", "server":"GENERAL0100001W"}}
{"logTime": "1007/021904", "correlationVector":"taI93O3zNdw0Zd7WVdYhCo.2","action":"GetUpdates Response", "result":"SYNCER_OK", "context":Received 122 update(s). cV=taI93O3zNdw0Zd7WVdYhCo.0;server=GENERAL0100001W;cloudType=Consumer;environment=Prod_EastAsia_000d;migrationStage=NotStarted}
{"logTime": "1007/021904", "correlationVector":"q9gXPovlFPHCwOPBYJUfg8","action":"Normal GetUpdate request", "result":"", "context":cV=q9gXPovlFPHCwOPBYJUfg8
Nudged types: Sessions, User Consents
Refresh requested types: Bookmarks, Preferences, Passwords, Autofill Profiles, Autofill, Autofill Custom Data, Typed URLs, Extensions, Sessions, Extension settings, History Delete Directives, Device Info, User Consents, Send Tab To Self, Web Apps, Collection, Edge E Drop, Edge Hub App Usage, Edge Wallet, Encryption Keys}
{"logTime": "1007/021904", "correlationVector":"q9gXPovlFPHCwOPBYJUfg8.1","action":"SyncServerConnectionManagerRequest", "result":"SYNC_SERVER_OK", "context":{"environment":"Prod_EastAsia_000d", "migrationStage":"NotStarted", "server":"GENERAL01000016"}}
{"logTime": "1007/021904", "correlationVector":"q9gXPovlFPHCwOPBYJUfg8.2","action":"GetUpdates Response", "result":"SYNCER_OK", "context":Received 1 update(s). cV=q9gXPovlFPHCwOPBYJUfg8.0;server=GENERAL01000016;cloudType=Consumer;environment=Prod_EastAsia_000d;migrationStage=NotStarted}
{"logTime": "1007/021904", "correlationVector":"cmdzuMvmhhd3KUsKLKaHix","action":"Commit Request", "result":"", "context":Item count: 4
Contributing types: Sessions, User Consents}
{"logTime": "1007/021904", "correlationVector":"cmdzuMvmhhd3KUsKLKaHix.1","action":"SyncServerConnectionManagerRequest", "result":"SYNC_SERVER_OK", "context":{"environment":"Prod_EastAsia_000d", "migrationStage":"NotStarted", "server":"GENERAL0100000F"}}
{"logTime": "1007/021904", "correlationVector":"cmdzuMvmhhd3KUsKLKaHix.3","action":"Commit.Sessions", "result":"Success", "context":{"id":"cd50c95f-8cb3-41e2-b212-dcbe68a824b9", "isDeleted":"true", "size":"0", "version":"1696643032060"}}
{"logTime": "1007/021904", "correlationVector":"cmdzuMvmhhd3KUsKLKaHix.2","action":"Commit Response", "result":"SYNCER_OK", "context":Result: SYNCER_OK. cV=cmdzuMvmhhd3KUsKLKaHix.0;server=GENERAL0100000F;cloudType=Consumer;environment=Prod_EastAsia_000d;migrationStage=NotStarted}
{"logTime": "1007/021934", "correlationVector":"wXMZ2vdXpWzeBHcmG3MTfe","action":"Normal GetUpdate request", "result":"", "context":cV=wXMZ2vdXpWzeBHcmG3MTfe
Nudged types: Sessions}
{"logTime": "1007/021934", "correlationVector":"wXMZ2vdXpWzeBHcmG3MTfe.1","action":"SyncServerConnectionManagerRequest", "result":"SYNC_SERVER_OK", "context":{"environment":"Prod_EastAsia_000d", "migrationStage":"NotStarted", "server":"GENERAL0100001D"}}
{"logTime": "1007/021934", "correlationVector":"wXMZ2vdXpWzeBHcmG3MTfe.2","action":"GetUpdates", "result":"DeleteReceived", "context":{"id":"cd50c95f-8cb3-41e2-b212-dcbe68a824b9", "isDeleted:":"true", "version":"1696645146467"}}
{"logTime": "1007/021934", "correlationVector":"wXMZ2vdXpWzeBHcmG3MTfe.3","action":"GetUpdates Response", "result":"SYNCER_OK", "context":Received 3 update(s). cV=wXMZ2vdXpWzeBHcmG3MTfe.0;server=GENERAL0100001D;cloudType=Consumer;environment=Prod_EastAsia_000d;migrationStage=NotStarted}
{"logTime": "1007/021934", "correlationVector":"9XEic3HKzf5RaF8qukNFxP","action":"Commit Request", "result":"", "context":Item count: 1
Contributing types: Sessions}
{"logTime": "1007/021935", "correlationVector":"9XEic3HKzf5RaF8qukNFxP.1","action":"SyncServerConnectionManagerRequest", "result":"SYNC_SERVER_OK", "context":{"environment":"Prod_EastAsia_000d", "migrationStage":"NotStarted", "server":"GENERAL01000008"}}
{"logTime": "1007/021935", "correlationVector":"9XEic3HKzf5RaF8qukNFxP.2","action":"Commit Response", "result":"SYNCER_OK", "context":Result: SYNCER_OK. cV=9XEic3HKzf5RaF8qukNFxP.0;server=GENERAL01000008;cloudType=Consumer;environment=Prod_EastAsia_000d;migrationStage=NotStarted}
{"logTime": "1007/022046", "correlationVector":"Z0uCasW6yn7/wNGPHfX3Md","action":"Commit Request", "result":"", "context":Item count: 1
Contributing types: Sessions}
{"logTime": "1007/022047", "correlationVector":"Z0uCasW6yn7/wNGPHfX3Md.1","action":"SyncServerConnectionManagerRequest", "result":"SYNC_SERVER_OK", "context":{"environment":"Prod_EastAsia_000d", "migrationStage":"NotStarted", "server":"GENERAL0100001Z"}}
{"logTime": "1007/022047", "correlationVector":"Z0uCasW6yn7/wNGPHfX3Md.2","action":"Commit Response", "result":"SYNCER_OK", "context":Result: SYNCER_OK. cV=Z0uCasW6yn7/wNGPHfX3Md.0;server=GENERAL0100001Z;cloudType=Consumer;environment=Prod_EastAsia_000d;migrationStage=NotStarted}
{"logTime": "1009/144728", "correlationVector":"pWyAOCootozIcjB++h5Jwz.0","action":"FeedSettingFetch_homeCloud", "result":"0", "context":{}}
{"logTime": "1009/144728", "correlationVector":"WQLmp6bZPIDstGKg3Cl+yj.1","action":"SyncServerConnectionManagerRequest", "result":"SYNC_SERVER_OK", "context":{"environment":"Prod_SoutheastAsia_000j", "migrationStage":"NotStarted", "server":"GENERAL0100000N"}}
{"logTime": "1009/144728", "correlationVector":"WQLmp6bZPIDstGKg3Cl+yj","action":"Initial GetUpdates", "result":"", "context":Reason: NEW_CLIENT. cV=WQLmp6bZPIDstGKg3Cl+yj}
{"logTime": "1009/144728", "correlationVector":"WQLmp6bZPIDstGKg3Cl+yj.2","action":"GetUpdates Response", "result":"SYNCER_OK", "context":Received 1 update(s). cV=WQLmp6bZPIDstGKg3Cl+yj.0;server=GENERAL0100000N;cloudType=Consumer;environment=Prod_SoutheastAsia_000j;migrationStage=NotStarted}
{"logTime": "1009/144728", "correlationVector":"FnENA6xsreeS+tRcMKcZDo","action":"SyncServerConnectionManagerRequest", "result":"SYNC_SERVER_OK", "context":{"environment":"", "migrationStage":"", "server":""}}
{"logTime": "1009/144728", "correlationVector":"v0WjzeggG+IoVOt8NMVogS","action":"Initial GetUpdates", "result":"", "context":Reason: NEWLY_SUPPORTED_DATATYPE. cV=v0WjzeggG+IoVOt8NMVogS}
{"logTime": "1009/144728", "correlationVector":"v0WjzeggG+IoVOt8NMVogS.1","action":"SyncServerConnectionManagerRequest", "result":"SYNC_SERVER_OK", "context":{"environment":"Prod_SoutheastAsia_000j", "migrationStage":"NotStarted", "server":"general01000014"}}
{"logTime": "1009/144728", "correlationVector":"v0WjzeggG+IoVOt8NMVogS.2","action":"GetUpdates", "result":"DeleteReceived", "context":{"id":"7e5dfa5e-5651-496a-aa91-f00be96d14fc", "isDeleted:":"true", "version":"1696775985724"}}
{"logTime": "1009/144728", "correlationVector":"v0WjzeggG+IoVOt8NMVogS.3","action":"GetUpdates Response", "result":"SYNCER_OK", "context":Received 122 update(s). cV=v0WjzeggG+IoVOt8NMVogS.0;server=general01000014;cloudType=Consumer;environment=Prod_SoutheastAsia_000j;migrationStage=NotStarted}
{"logTime": "1009/144728", "correlationVector":"gcIRFCmoRlMCHxolNjCP+J","action":"Normal GetUpdate request", "result":"", "context":cV=gcIRFCmoRlMCHxolNjCP+J
Nudged types: Sessions, Device Info, User Consents
Refresh requested types: Bookmarks, Preferences, Passwords, Autofill Profiles, Autofill, Autofill Custom Data, Typed URLs, Extensions, Sessions, Extension settings, History Delete Directives, Device Info, User Consents, Send Tab To Self, Web Apps, Collection, Edge E Drop, Edge Hub App Usage, Edge Wallet, Encryption Keys}
{"logTime": "1009/144728", "correlationVector":"gcIRFCmoRlMCHxolNjCP+J.1","action":"SyncServerConnectionManagerRequest", "result":"SYNC_SERVER_OK", "context":{"environment":"Prod_SoutheastAsia_000j", "migrationStage":"NotStarted", "server":"GENERAL0100000D"}}
{"logTime": "1009/144728", "correlationVector":"gcIRFCmoRlMCHxolNjCP+J.2","action":"GetUpdates", "result":"DeleteReceived", "context":{"id":"d04465dc-d2ba-4b19-a89c-c7697a79f1fa", "isDeleted:":"true", "version":"1696700179713"}}
{"logTime": "1009/144728", "correlationVector":"gcIRFCmoRlMCHxolNjCP+J.3","action":"GetUpdates", "result":"DeleteReceived", "context":{"id":"ac11eec4-66d2-494a-87b8-0f7b50a6c06a", "isDeleted:":"true", "version":"1696756038319"}}
{"logTime": "1009/144728", "correlationVector":"gcIRFCmoRlMCHxolNjCP+J.4","action":"GetUpdates", "result":"DeleteReceived", "context":{"id":"54fbf284-8004-4ce5-93fb-52cd1379141b", "isDeleted:":"true", "version":"1696810358794"}}
{"logTime": "1009/144728", "correlationVector":"gcIRFCmoRlMCHxolNjCP+J.5","action":"GetUpdates", "result":"DeleteReceived", "context":{"id":"8aac2ed2-e7b0-47b5-8074-cfcd7f3bdeb0", "isDeleted:":"true", "version":"1696810358797"}}
{"logTime": "1009/144728", "correlationVector":"gcIRFCmoRlMCHxolNjCP+J.6","action":"GetUpdates", "result":"DeleteReceived", "context":{"id":"36325e65-eab3-471d-8609-ec40d409d20f", "isDeleted:":"true", "version":"1696810470873"}}
{"logTime": "1009/144728", "correlationVector":"gcIRFCmoRlMCHxolNjCP+J.7","action":"GetUpdates Response", "result":"SYNCER_OK", "context":Received 24 update(s). cV=gcIRFCmoRlMCHxolNjCP+J.0;server=GENERAL0100000D;cloudType=Consumer;environment=Prod_SoutheastAsia_000j;migrationStage=NotStarted}
{"logTime": "1009/144728", "correlationVector":"NKvaZHSjuyJfcdcomRmdTP","action":"Commit Request", "result":"", "context":Item count: 1
Contributing types: User Consents}
{"logTime": "1009/144728", "correlationVector":"NKvaZHSjuyJfcdcomRmdTP.1","action":"SyncServerConnectionManagerRequest", "result":"SYNC_SERVER_OK", "context":{"environment":"Prod_SoutheastAsia_000j", "migrationStage":"NotStarted", "server":"GENERAL0100001D"}}
{"logTime": "1009/144728", "correlationVector":"NKvaZHSjuyJfcdcomRmdTP.2","action":"Commit Response", "result":"SYNCER_OK", "context":Result: SYNCER_OK. cV=NKvaZHSjuyJfcdcomRmdTP.0;server=GENERAL0100001D;cloudType=Consumer;environment=Prod_SoutheastAsia_000j;migrationStage=NotStarted}
{"logTime": "1009/144728", "correlationVector":"EkFSYZ6/NCmALjwaChunS6","action":"Normal GetUpdate request", "result":"", "context":cV=EkFSYZ6/NCmALjwaChunS6
Nudged types: Sessions}
{"logTime": "1009/144728", "correlationVector":"EkFSYZ6/NCmALjwaChunS6.1","action":"SyncServerConnectionManagerRequest", "result":"SYNC_SERVER_OK", "context":{"environment":"Prod_SoutheastAsia_000j", "migrationStage":"NotStarted", "server":"GENERAL0100000U"}}
{"logTime": "1009/144728", "correlationVector":"EkFSYZ6/NCmALjwaChunS6.2","action":"GetUpdates Response", "result":"SYNCER_OK", "context":Received 0 update(s). cV=EkFSYZ6/NCmALjwaChunS6.0;server=GENERAL0100000U;cloudType=Consumer;environment=Prod_SoutheastAsia_000j;migrationStage=NotStarted}
{"logTime": "1009/144728", "correlationVector":"puAc2ijMU97cOlz0ySG0kc","action":"Commit Request", "result":"", "context":Item count: 2
Contributing types: Sessions}
{"logTime": "1009/144728", "correlationVector":"puAc2ijMU97cOlz0ySG0kc.1","action":"SyncServerConnectionManagerRequest", "result":"SYNC_SERVER_OK", "context":{"environment":"Prod_SoutheastAsia_000j", "migrationStage":"NotStarted", "server":"GENERAL0100001J"}}
{"logTime": "1009/144728", "correlationVector":"puAc2ijMU97cOlz0ySG0kc.2","action":"Commit Response", "result":"SYNCER_OK", "context":Result: SYNCER_OK. cV=puAc2ijMU97cOlz0ySG0kc.0;server=GENERAL0100001J;cloudType=Consumer;environment=Prod_SoutheastAsia_000j;migrationStage=NotStarted}
{"logTime": "1009/144747", "correlationVector":"greYyiQGOh/dzPepgyRTN7","action":"Normal GetUpdate request", "result":"", "context":cV=greYyiQGOh/dzPepgyRTN7
Nudged types: Sessions}
{"logTime": "1009/144747", "correlationVector":"greYyiQGOh/dzPepgyRTN7.1","action":"SyncServerConnectionManagerRequest", "result":"SYNC_SERVER_OK", "context":{"environment":"Prod_SoutheastAsia_000j", "migrationStage":"NotStarted", "server":"GENERAL01000007"}}
{"logTime": "1009/144747", "correlationVector":"greYyiQGOh/dzPepgyRTN7.2","action":"GetUpdates Response", "result":"SYNCER_OK", "context":Received 2 update(s). cV=greYyiQGOh/dzPepgyRTN7.0;server=GENERAL01000007;cloudType=Consumer;environment=Prod_SoutheastAsia_000j;migrationStage=NotStarted}
{"logTime": "1009/144851", "correlationVector":"qBRARnHZ0xWfqhHdZBsGxi","action":"Commit Request", "result":"", "context":Item count: 1
Contributing types: Sessions}
{"logTime": "1009/144851", "correlationVector":"qBRARnHZ0xWfqhHdZBsGxi.1","action":"SyncServerConnectionManagerRequest", "result":"SYNC_SERVER_OK", "context":{"environment":"Prod_SoutheastAsia_000j", "migrationStage":"NotStarted", "server":"GENERAL0100000N"}}
{"logTime": "1009/144851", "correlationVector":"qBRARnHZ0xWfqhHdZBsGxi.2","action":"Commit Response", "result":"SYNCER_OK", "context":Result: SYNCER_OK. cV=qBRARnHZ0xWfqhHdZBsGxi.0;server=GENERAL0100000N;cloudType=Consumer;environment=Prod_SoutheastAsia_000j;migrationStage=NotStarted}
{"logTime": "1009/145113", "correlationVector":"aIhrkiTcihogEa4A8gG1n9","action":"Commit Request", "result":"", "context":Item count: 1
Contributing types: Sessions}
{"logTime": "1009/145114", "correlationVector":"aIhrkiTcihogEa4A8gG1n9.1","action":"SyncServerConnectionManagerRequest", "result":"SYNC_SERVER_OK", "context":{"environment":"Prod_SoutheastAsia_000j", "migrationStage":"NotStarted", "server":"GENERAL01000000"}}
{"logTime": "1009/145114", "correlationVector":"aIhrkiTcihogEa4A8gG1n9.2","action":"Commit Response", "result":"SYNCER_OK", "context":Result: SYNCER_OK. cV=aIhrkiTcihogEa4A8gG1n9.0;server=GENERAL01000000;cloudType=Consumer;environment=Prod_SoutheastAsia_000j;migrationStage=NotStarted}
{"logTime": "1020/162327", "correlationVector":"PGkD4KawtHZonxhEc2N65i.0","action":"FeedSettingFetch_homeCloud", "result":"0", "context":{}}
{"logTime": "1020/162327", "correlationVector":"PGkD4KawtHZonxhEc2N65i.0","action":"SyncServerConnectionManagerRequest", "result":"SYNC_SERVER_OK", "context":{"environment":"", "migrationStage":"", "server":""}}
{"logTime": "1020/162327", "correlationVector":"8M9jVCQB/K6jtd46St7sFN.1","action":"SyncServerConnectionManagerRequest", "result":"SYNC_SERVER_OK", "context":{"environment":"Prod_EastAsia_000d", "migrationStage":"NotStarted", "server":"GENERAL0100001X"}}
{"logTime": "1020/162327", "correlationVector":"8M9jVCQB/K6jtd46St7sFN","action":"Initial GetUpdates", "result":"", "context":Reason: NEW_CLIENT. cV=8M9jVCQB/K6jtd46St7sFN}
{"logTime": "1020/162327", "correlationVector":"8M9jVCQB/K6jtd46St7sFN.2","action":"GetUpdates Response", "result":"SYNCER_OK", "context":Received 1 update(s). cV=8M9jVCQB/K6jtd46St7sFN.0;server=GENERAL0100001X;cloudType=Consumer;environment=Prod_EastAsia_000d;migrationStage=NotStarted}
{"logTime": "1020/162327", "correlationVector":"H88ItzNZEXnfQmto+uIf39","action":"Initial GetUpdates", "result":"", "context":Reason: NEWLY_SUPPORTED_DATATYPE. cV=H88ItzNZEXnfQmto+uIf39}
{"logTime": "1020/162327", "correlationVector":"H88ItzNZEXnfQmto+uIf39.1","action":"SyncServerConnectionManagerRequest", "result":"SYNC_SERVER_OK", "context":{"environment":"Prod_EastAsia_000d", "migrationStage":"NotStarted", "server":"GENERAL0100001O"}}
{"logTime": "1020/162327", "correlationVector":"H88ItzNZEXnfQmto+uIf39.2","action":"GetUpdates", "result":"DeleteReceived", "context":{"id":"7e5dfa5e-5651-496a-aa91-f00be96d14fc", "isDeleted:":"true", "version":"1696775985724"}}
{"logTime": "1020/162327", "correlationVector":"H88ItzNZEXnfQmto+uIf39.3","action":"GetUpdates Response", "result":"SYNCER_OK", "context":Received 122 update(s). cV=H88ItzNZEXnfQmto+uIf39.0;server=GENERAL0100001O;cloudType=Consumer;environment=Prod_EastAsia_000d;migrationStage=NotStarted}
{"logTime": "1020/162327", "correlationVector":"jWpoM3n0uFgPhSl8w/xHqb","action":"Normal GetUpdate request", "result":"", "context":cV=jWpoM3n0uFgPhSl8w/xHqb
Nudged types: Sessions, Device Info, User Consents, Send Tab To Self
Refresh requested types: Bookmarks, Preferences, Passwords, Autofill Profiles, Autofill, Autofill Custom Data, Typed URLs, Extensions, Sessions, Extension settings, History Delete Directives, Device Info, User Consents, Send Tab To Self, Web Apps, Collection, Edge E Drop, Edge Hub App Usage, Edge Wallet, Encryption Keys}
{"logTime": "1020/162327", "correlationVector":"jWpoM3n0uFgPhSl8w/xHqb.1","action":"SyncServerConnectionManagerRequest", "result":"SYNC_SERVER_OK", "context":{"environment":"Prod_EastAsia_000d", "migrationStage":"NotStarted", "server":"GENERAL0100000T"}}
{"logTime": "1020/162327", "correlationVector":"jWpoM3n0uFgPhSl8w/xHqb.2","action":"GetUpdates", "result":"DeleteReceived", "context":{"id":"15848e4d-507a-438c-9b0c-c5763143f6e7", "isDeleted:":"true", "version":"1696907422838"}}
{"logTime": "1020/162327", "correlationVector":"jWpoM3n0uFgPhSl8w/xHqb.3","action":"GetUpdates", "result":"DeleteReceived", "context":{"id":"a49c0ea5-f2ae-42ea-9613-9df53af33ec6", "isDeleted:":"true", "version":"1696915689840"}}
{"logTime": "1020/162327", "correlationVector":"jWpoM3n0uFgPhSl8w/xHqb.4","action":"GetUpdates", "result":"DeleteReceived", "context":{"id":"ab270674-ecaa-4e35-a7fc-031a0026992a", "isDeleted:":"true", "version":"1696946528472"}}
{"logTime": "1020/162327", "correlationVector":"jWpoM3n0uFgPhSl8w/xHqb.5","action":"GetUpdates", "result":"DeleteReceived", "context":{"id":"e8a0155b-9ad4-4df9-a50d-8ba00ae7444e", "isDeleted:":"true", "version":"1696946528475"}}
{"logTime": "1020/162327", "correlationVector":"jWpoM3n0uFgPhSl8w/xHqb.6","action":"GetUpdates", "result":"DeleteReceived", "context":{"id":"7639ca93-01f4-4fae-947d-3f534063ec6e", "isDeleted:":"true", "version":"1696950020874"}}
{"logTime": "1020/162327", "correlationVector":"jWpoM3n0uFgPhSl8w/xHqb.7","action":"GetUpdates", "result":"DeleteReceived", "context":{"id":"5a6f7568-bb87-4849-9b22-f648b48d1a08", "isDeleted:":"true", "version":"1696950020875"}}
{"logTime": "1020/162327", "correlationVector":"jWpoM3n0uFgPhSl8w/xHqb.8","action":"GetUpdates", "result":"DeleteReceived", "context":{"id":"19e6cd70-20e3-4b2e-b916-b4c6b6bf9e33", "isDeleted:":"true", "version":"1696950020876"}}
{"logTime": "1020/162327", "correlationVector":"jWpoM3n0uFgPhSl8w/xHqb.9","action":"GetUpdates", "result":"DeleteReceived", "context":{"id":"beeaea40-351b-4a9b-9357-01a8e4523dab", "isDeleted:":"true", "version":"1696957403260"}}
{"logTime": "1020/162327", "correlationVector":"jWpoM3n0uFgPhSl8w/xHqb.10","action":"GetUpdates", "result":"DeleteReceived", "context":{"id":"42215eb4-a3bc-4059-ad83-daf2b3fce60f", "isDeleted:":"true", "version":"1697001248020"}}
{"logTime": "1020/162327", "correlationVector":"jWpoM3n0uFgPhSl8w/xHqb.11","action":"GetUpdates", "result":"DeleteReceived", "context":{"id":"aa2fbc28-d0f5-402d-9321-d2a310976d18", "isDeleted:":"true", "version":"1697001248021"}}
{"logTime": "1020/162327", "correlationVector":"jWpoM3n0uFgPhSl8w/xHqb.12","action":"GetUpdates", "result":"DeleteReceived", "context":{"id":"a7ed71fa-6064-4f1a-9899-b7e709f87d61", "isDeleted:":"true", "version":"1697001248022"}}
{"logTime": "1020/162327", "correlationVector":"jWpoM3n0uFgPhSl8w/xHqb.13","action":"GetUpdates", "result":"DeleteReceived", "context":{"id":"8441e26d-20f0-4615-b371-a7764d62cc45", "isDeleted:":"true", "version":"1697001252157"}}
{"logTime": "1020/162327", "correlationVector":"jWpoM3n0uFgPhSl8w/xHqb.14","action":"GetUpdates", "result":"DeleteReceived", "context":{"id":"7b35f919-430d-4f16-a7dd-de74edcd45db", "isDeleted:":"true", "version":"1697118190458"}}
{"logTime": "1020/162327", "correlationVector":"jWpoM3n0uFgPhSl8w/xHqb.15","action":"GetUpdates", "result":"DeleteReceived", "context":{"id":"a05cf00e-379a-4eb7-9290-6962cfc90b1b", "isDeleted:":"true", "version":"1697120000298"}}
{"logTime": "1020/162327", "correlationVector":"jWpoM3n0uFgPhSl8w/xHqb.16","action":"GetUpdates", "result":"DeleteReceived", "context":{"id":"52ed5a65-fba8-42fd-bb75-6f33710293d2", "isDeleted:":"true", "version":"1697211565376"}}
{"logTime": "1020/162327", "correlationVector":"jWpoM3n0uFgPhSl8w/xHqb.17","action":"GetUpdates", "result":"DeleteReceived", "context":{"id":"fd3f649d-de5f-4628-ae27-31ae03ff4e5d", "isDeleted:":"true", "version":"1697357589730"}}
{"logTime": "1020/162327", "correlationVector":"jWpoM3n0uFgPhSl8w/xHqb.18","action":"GetUpdates", "result":"DeleteReceived", "context":{"id":"51f61485-0b6e-461e-a8f1-2729c00a3c93", "isDeleted:":"true", "version":"1697357589731"}}
{"logTime": "1020/162327", "correlationVector":"jWpoM3n0uFgPhSl8w/xHqb.19","action":"GetUpdates", "result":"DeleteReceived", "context":{"id":"d372619b-c08a-4953-a7ff-bfa76637b396", "isDeleted:":"true", "version":"1697357589733"}}
{"logTime": "1020/162328", "correlationVector":"jWpoM3n0uFgPhSl8w/xHqb.20","action":"GetUpdates", "result":"DeleteReceived", "context":{"id":"dcc8d2ab-e610-4d13-bdf8-9eb259d1a0e3", "isDeleted:":"true", "version":"1697357589734"}}
{"logTime": "1020/162328", "correlationVector":"jWpoM3n0uFgPhSl8w/xHqb.21","action":"GetUpdates", "result":"DeleteReceived", "context":{"id":"70d41b10-1611-4850-9f35-9e11640f826e", "isDeleted:":"true", "version":"1697357589735"}}
{"logTime": "1020/162328", "correlationVector":"jWpoM3n0uFgPhSl8w/xHqb.22","action":"GetUpdates", "result":"DeleteReceived", "context":{"id":"c55fd7b3-7c9c-4938-8f44-32eb7e0571aa", "isDeleted:":"true", "version":"1697357589736"}}
{"logTime": "1020/162328", "correlationVector":"jWpoM3n0uFgPhSl8w/xHqb.23","action":"GetUpdates", "result":"DeleteReceived", "context":{"id":"5d9fb61a-43dc-42da-b8ae-618c95f0f942", "isDeleted:":"true", "version":"1697357589737"}}
{"logTime": "1020/162328", "correlationVector":"jWpoM3n0uFgPhSl8w/xHqb.24","action":"GetUpdates", "result":"DeleteReceived", "context":{"id":"50989ad4-43bd-40ae-89dd-c4386c9128bf", "isDeleted:":"true", "version":"1697357589738"}}
{"logTime": "1020/162328", "correlationVector":"jWpoM3n0uFgPhSl8w/xHqb.25","action":"GetUpdates", "result":"DeleteReceived", "context":{"id":"dbcf4f9e-6e13-4f33-9c58-95926a8f9fc7", "isDeleted:":"true", "version":"1697357589739"}}
{"logTime": "1020/162328", "correlationVector":"jWpoM3n0uFgPhSl8w/xHqb.26","action":"GetUpdates", "result":"DeleteReceived", "context":{"id":"874ce785-c034-46d3-9c67-30c511f196ad", "isDeleted:":"true", "version":"1697357589740"}}
{"logTime": "1020/162328", "correlationVector":"jWpoM3n0uFgPhSl8w/xHqb.27","action":"GetUpdates", "result":"DeleteReceived", "context":{"id":"324d3e2d-8de2-4edd-aca3-8a8ad35e19e4", "isDeleted:":"true", "version":"1697357589741"}}
{"logTime": "1020/162328", "correlationVector":"jWpoM3n0uFgPhSl8w/xHqb.28","action":"GetUpdates", "result":"DeleteReceived", "context":{"id":"9ddf4816-22d5-43b8-b1e2-2c3c5b27bce6", "isDeleted:":"true", "version":"1697357589742"}}
{"logTime": "1020/162328", "correlationVector":"jWpoM3n0uFgPhSl8w/xHqb.29","action":"GetUpdates", "result":"DeleteReceived", "context":{"id":"0abe30e2-78a1-44a7-b748-eb286d2df08d", "isDeleted:":"true", "version":"1697357589743"}}
{"logTime": "1020/162328", "correlationVector":"jWpoM3n0uFgPhSl8w/xHqb.30","action":"GetUpdates", "result":"DeleteReceived", "context":{"id":"adb2a082-33f6-4990-b357-79acde3e902f", "isDeleted:":"true", "version":"1697357589744"}}
{"logTime": "1020/162328", "correlationVector":"jWpoM3n0uFgPhSl8w/xHqb.31","action":"GetUpdates", "result":"DeleteReceived", "context":{"id":"01502b00-6466-477a-b786-924beb820291", "isDeleted:":"true", "version":"1697357589745"}}
{"logTime": "1020/162328", "correlationVector":"jWpoM3n0uFgPhSl8w/xHqb.32","action":"GetUpdates", "result":"DeleteReceived", "context":{"id":"b5cea46f-4bd0-44f2-b0ef-b3efb0480022", "isDeleted:":"true", "version":"1697360900333"}}
{"logTime": "1020/162328", "correlationVector":"jWpoM3n0uFgPhSl8w/xHqb.33","action":"GetUpdates", "result":"DeleteReceived", "context":{"id":"6b710570-8f90-4f4f-b92f-c21cec8e0ac7", "isDeleted:":"true", "version":"1697550991162"}}
{"logTime": "1020/162328", "correlationVector":"jWpoM3n0uFgPhSl8w/xHqb.34","action":"GetUpdates", "result":"DeleteReceived", "context":{"id":"60995368-cc42-4e94-9698-2c39d8bb0d27", "isDeleted:":"true", "version":"1697550991163"}}
{"logTime": "1020/162328", "correlationVector":"jWpoM3n0uFgPhSl8w/xHqb.35","action":"GetUpdates", "result":"DeleteReceived", "context":{"id":"a0ed1618-c1b0-4b18-93ef-48adfe033643", "isDeleted:":"true", "version":"1697564203253"}}
{"logTime": "1020/162328", "correlationVector":"jWpoM3n0uFgPhSl8w/xHqb.36","action":"GetUpdates", "result":"DeleteReceived", "context":{"id":"eef34ff9-e90e-4d1b-889d-2c13f9052dce", "isDeleted:":"true", "version":"1697180829226"}}
{"logTime": "1020/162328", "correlationVector":"jWpoM3n0uFgPhSl8w/xHqb.37","action":"GetUpdates Response", "result":"SYNCER_OK", "context":Received 62 update(s). cV=jWpoM3n0uFgPhSl8w/xHqb.0;server=GENERAL0100000T;cloudType=Consumer;environment=Prod_EastAsia_000d;migrationStage=NotStarted}
{"logTime": "1020/162328", "correlationVector":"gFvMOc31s1Uh/1ku0i9xVP","action":"Commit Request", "result":"", "context":Item count: 16
Contributing types: Passwords}
{"logTime": "1020/162328", "correlationVector":"gFvMOc31s1Uh/1ku0i9xVP.1","action":"SyncServerConnectionManagerRequest", "result":"SYNC_SERVER_OK", "context":{"environment":"Prod_EastAsia_000d", "migrationStage":"NotStarted", "server":"GENERAL01000012"}}
{"logTime": "1020/162328", "correlationVector":"gFvMOc31s1Uh/1ku0i9xVP.2","action":"Commit Response", "result":"SYNCER_OK", "context":Result: SYNCER_OK. cV=gFvMOc31s1Uh/1ku0i9xVP.0;server=GENERAL01000012;cloudType=Consumer;environment=Prod_EastAsia_000d;migrationStage=NotStarted}
{"logTime": "1020/162328", "correlationVector":"2mYXQQkuGqOj5WRZiSAkZa","action":"Commit Request", "result":"", "context":Item count: 1
Contributing types: User Consents}
{"logTime": "1020/162329", "correlationVector":"2mYXQQkuGqOj5WRZiSAkZa.1","action":"SyncServerConnectionManagerRequest", "result":"SYNC_SERVER_OK", "context":{"environment":"Prod_EastAsia_000d", "migrationStage":"NotStarted", "server":"GENERAL01000013"}}
{"logTime": "1020/162329", "correlationVector":"2mYXQQkuGqOj5WRZiSAkZa.2","action":"Commit Response", "result":"SYNCER_OK", "context":Result: SYNCER_OK. cV=2mYXQQkuGqOj5WRZiSAkZa.0;server=GENERAL01000013;cloudType=Consumer;environment=Prod_EastAsia_000d;migrationStage=NotStarted}
{"logTime": "1020/162329", "correlationVector":"0FSdvp+UmdvMGaUxU5IRH7","action":"Poll GetUpdate request", "result":"", "context":cV=0FSdvp+UmdvMGaUxU5IRH7}
{"logTime": "1020/162329", "correlationVector":"0FSdvp+UmdvMGaUxU5IRH7.1","action":"SyncServerConnectionManagerRequest", "result":"SYNC_SERVER_OK", "context":{"environment":"Prod_EastAsia_000d", "migrationStage":"NotStarted", "server":"GENERAL0100001B"}}
{"logTime": "1020/162329", "correlationVector":"0FSdvp+UmdvMGaUxU5IRH7.2","action":"GetUpdates Response", "result":"SYNCER_OK", "context":Received 16 update(s). cV=0FSdvp+UmdvMGaUxU5IRH7.0;server=GENERAL0100001B;cloudType=Consumer;environment=Prod_EastAsia_000d;migrationStage=NotStarted}
{"logTime": "1020/162329", "correlationVector":"GUgJdVzSU92FVMnP8Ni/rJ","action":"Normal GetUpdate request", "result":"", "context":cV=GUgJdVzSU92FVMnP8Ni/rJ
Nudged types: Passwords
Notified types: Device Info}
{"logTime": "1020/162330", "correlationVector":"GUgJdVzSU92FVMnP8Ni/rJ.1","action":"SyncServerConnectionManagerRequest", "result":"SYNC_SERVER_OK", "context":{"environment":"Prod_EastAsia_000d", "migrationStage":"NotStarted", "server":"GENERAL0100001P"}}
{"logTime": "1020/162330", "correlationVector":"GUgJdVzSU92FVMnP8Ni/rJ.2","action":"GetUpdates Response", "result":"SYNCER_OK", "context":Received 0 update(s). cV=GUgJdVzSU92FVMnP8Ni/rJ.0;server=GENERAL0100001P;cloudType=Consumer;environment=Prod_EastAsia_000d;migrationStage=NotStarted}
{"logTime": "1020/162335", "correlationVector":"38H5GMey5E7nGPH18DEJeZ","action":"Commit Request", "result":"", "context":Item count: 6
Contributing types: Passwords}
{"logTime": "1020/162335", "correlationVector":"38H5GMey5E7nGPH18DEJeZ.1","action":"SyncServerConnectionManagerRequest", "result":"SYNC_SERVER_OK", "context":{"environment":"Prod_EastAsia_000d", "migrationStage":"NotStarted", "server":"GENERAL0100001M"}}
{"logTime": "1020/162335", "correlationVector":"38H5GMey5E7nGPH18DEJeZ.2","action":"Commit Response", "result":"SYNCER_OK", "context":Result: SYNCER_OK. cV=38H5GMey5E7nGPH18DEJeZ.0;server=GENERAL0100001M;cloudType=Consumer;environment=Prod_EastAsia_000d;migrationStage=NotStarted}
{"logTime": "1020/162335", "correlationVector":"6AX5HXZ29baBe9JaOYYKGI","action":"Commit Request", "result":"", "context":Item count: 3
Contributing types: Preferences, Sessions}
{"logTime": "1020/162336", "correlationVector":"6AX5HXZ29baBe9JaOYYKGI.1","action":"SyncServerConnectionManagerRequest", "result":"SYNC_SERVER_OK", "context":{"environment":"Prod_EastAsia_000d", "migrationStage":"NotStarted", "server":"GENERAL0100001C"}}
{"logTime": "1020/162336", "correlationVector":"6AX5HXZ29baBe9JaOYYKGI.2","action":"Commit Response", "result":"SYNCER_OK", "context":Result: SYNCER_OK. cV=6AX5HXZ29baBe9JaOYYKGI.0;server=GENERAL0100001C;cloudType=Consumer;environment=Prod_EastAsia_000d;migrationStage=NotStarted}
{"logTime": "1020/163348", "correlationVector":"fdjvMAPbbv9eeeHM5cYakG","action":"Commit Request", "result":"", "context":Item count: 1
Contributing types: Sessions}
{"logTime": "1020/163349", "correlationVector":"fdjvMAPbbv9eeeHM5cYakG.1","action":"SyncServerConnectionManagerRequest", "result":"SYNC_SERVER_OK", "context":{"environment":"Prod_EastAsia_000d", "migrationStage":"NotStarted", "server":"GENERAL0100002A"}}
{"logTime": "1020/163349", "correlationVector":"fdjvMAPbbv9eeeHM5cYakG.2","action":"Commit Response", "result":"SYNCER_OK", "context":Result: SYNCER_OK. cV=fdjvMAPbbv9eeeHM5cYakG.0;server=GENERAL0100002A;cloudType=Consumer;environment=Prod_EastAsia_000d;migrationStage=NotStarted}
{"logTime": "1020/163731", "correlationVector":"iT1JxCSGxIWBIA7Sjy9Sth.0","action":"FeedSettingFetch_homeCloud", "result":"0", "context":{}}
{"logTime": "1020/163731", "correlationVector":"nCrRmpyFzm3KBS8Wm6VHR4.1","action":"SyncServerConnectionManagerRequest", "result":"SYNC_SERVER_OK", "context":{"environment":"Prod_EastAsia_000d", "migrationStage":"NotStarted", "server":"GENERAL01000014"}}
{"logTime": "1020/163731", "correlationVector":"nCrRmpyFzm3KBS8Wm6VHR4","action":"Initial GetUpdates", "result":"", "context":Reason: NEW_CLIENT. cV=nCrRmpyFzm3KBS8Wm6VHR4}
{"logTime": "1020/163731", "correlationVector":"nCrRmpyFzm3KBS8Wm6VHR4.2","action":"GetUpdates Response", "result":"SYNCER_OK", "context":Received 1 update(s). cV=nCrRmpyFzm3KBS8Wm6VHR4.0;server=GENERAL01000014;cloudType=Consumer;environment=Prod_EastAsia_000d;migrationStage=NotStarted}
{"logTime": "1020/163731", "correlationVector":"sKU5UC019t4khJqnhliG1l","action":"Initial GetUpdates", "result":"", "context":Reason: NEWLY_SUPPORTED_DATATYPE. cV=sKU5UC019t4khJqnhliG1l}
{"logTime": "1020/163731", "correlationVector":"sKU5UC019t4khJqnhliG1l.1","action":"SyncServerConnectionManagerRequest", "result":"SYNC_SERVER_OK", "context":{"environment":"Prod_EastAsia_000d", "migrationStage":"NotStarted", "server":"GENERAL01000012"}}
{"logTime": "1020/163731", "correlationVector":"sKU5UC019t4khJqnhliG1l.2","action":"GetUpdates", "result":"DeleteReceived", "context":{"id":"7e5dfa5e-5651-496a-aa91-f00be96d14fc", "isDeleted:":"true", "version":"1696775985724"}}
{"logTime": "1020/163731", "correlationVector":"sKU5UC019t4khJqnhliG1l.3","action":"GetUpdates Response", "result":"SYNCER_OK", "context":Received 122 update(s). cV=sKU5UC019t4khJqnhliG1l.0;server=GENERAL01000012;cloudType=Consumer;environment=Prod_EastAsia_000d;migrationStage=NotStarted}
{"logTime": "1020/163731", "correlationVector":"1wS5tQnv4PQBugiSETQ4/a","action":"Normal GetUpdate request", "result":"", "context":cV=1wS5tQnv4PQBugiSETQ4/a
Nudged types: Sessions, User Consents
Refresh requested types: Bookmarks, Preferences, Passwords, Autofill Profiles, Autofill, Autofill Custom Data, Typed URLs, Extensions, Sessions, Extension settings, History Delete Directives, Device Info, User Consents, Send Tab To Self, Web Apps, Collection, Edge E Drop, Edge Hub App Usage, Edge Wallet, Encryption Keys}
{"logTime": "1020/163731", "correlationVector":"1wS5tQnv4PQBugiSETQ4/a.1","action":"SyncServerConnectionManagerRequest", "result":"SYNC_SERVER_OK", "context":{"environment":"Prod_EastAsia_000d", "migrationStage":"NotStarted", "server":"GENERAL0100000U"}}
{"logTime": "1020/163731", "correlationVector":"1wS5tQnv4PQBugiSETQ4/a.2","action":"GetUpdates Response", "result":"SYNCER_OK", "context":Received 3 update(s). cV=1wS5tQnv4PQBugiSETQ4/a.0;server=GENERAL0100000U;cloudType=Consumer;environment=Prod_EastAsia_000d;migrationStage=NotStarted}
{"logTime": "1020/163731", "correlationVector":"DumGcrAZ3l7v02UEHP826v","action":"Commit Request", "result":"", "context":Item count: 4
Contributing types: Sessions, User Consents}
{"logTime": "1020/163731", "correlationVector":"DumGcrAZ3l7v02UEHP826v.1","action":"SyncServerConnectionManagerRequest", "result":"SYNC_SERVER_OK", "context":{"environment":"Prod_EastAsia_000d", "migrationStage":"NotStarted", "server":"GENERAL0100001X"}}
{"logTime": "1020/163731", "correlationVector":"DumGcrAZ3l7v02UEHP826v.2","action":"Commit Response", "result":"SYNCER_OK", "context":Result: SYNCER_OK. cV=DumGcrAZ3l7v02UEHP826v.0;server=GENERAL0100001X;cloudType=Consumer;environment=Prod_EastAsia_000d;migrationStage=NotStarted}
{"logTime": "1020/163753", "correlationVector":"aix1RsYcZD53zhszD08kfD","action":"SyncServerConnectionManagerRequest", "result":"SYNC_SERVER_OK", "context":{"environment":"", "migrationStage":"", "server":""}}
{"logTime": "1020/163753", "correlationVector":"2Hy5Ze33kS4JlMCtYOZ6zK","action":"Normal GetUpdate request", "result":"", "context":cV=2Hy5Ze33kS4JlMCtYOZ6zK
Nudged types: Sessions}
{"logTime": "1020/163753", "correlationVector":"2Hy5Ze33kS4JlMCtYOZ6zK.1","action":"SyncServerConnectionManagerRequest", "result":"SYNC_SERVER_OK", "context":{"environment":"Prod_EastAsia_000d", "migrationStage":"NotStarted", "server":"GENERAL0100000U"}}
{"logTime": "1020/163753", "correlationVector":"2Hy5Ze33kS4JlMCtYOZ6zK.2","action":"GetUpdates Response", "result":"SYNCER_OK", "context":Received 3 update(s). cV=2Hy5Ze33kS4JlMCtYOZ6zK.0;server=GENERAL0100000U;cloudType=Consumer;environment=Prod_EastAsia_000d;migrationStage=NotStarted}
{"logTime": "1020/163753", "correlationVector":"jPUaXyyow8UK8EvIhpUFnu","action":"Commit Request", "result":"", "context":Item count: 2
Contributing types: Sessions}
{"logTime": "1020/163753", "correlationVector":"jPUaXyyow8UK8EvIhpUFnu.1","action":"SyncServerConnectionManagerRequest", "result":"SYNC_SERVER_OK", "context":{"environment":"Prod_EastAsia_000d", "migrationStage":"NotStarted", "server":"GENERAL0100000R"}}
{"logTime": "1020/163753", "correlationVector":"jPUaXyyow8UK8EvIhpUFnu.3","action":"Commit.Sessions", "result":"Success", "context":{"id":"0d82c14f-1e7f-45b7-928f-e9feaea876c0", "isDeleted":"true", "size":"0", "version":"1697819843740"}}
{"logTime": "1020/163753", "correlationVector":"jPUaXyyow8UK8EvIhpUFnu.2","action":"Commit Response", "result":"SYNCER_OK", "context":Result: SYNCER_OK. cV=jPUaXyyow8UK8EvIhpUFnu.0;server=GENERAL0100000R;cloudType=Consumer;environment=Prod_EastAsia_000d;migrationStage=NotStarted}
{"logTime": "1020/163753", "correlationVector":"8Lsj+fvPDNitn9KKGeIi8y","action":"Normal GetUpdate request", "result":"", "context":cV=8Lsj+fvPDNitn9KKGeIi8y
Nudged types: Sessions
Refresh requested types: Bookmarks, Preferences, Passwords, Autofill Profiles, Autofill, Autofill Custom Data, Typed URLs, Extensions, Sessions, Extension settings, History Delete Directives, Device Info, User Consents, Send Tab To Self, Web Apps, Collection, Edge E Drop, Edge Hub App Usage, Edge Wallet, Encryption Keys}
{"logTime": "1020/163754", "correlationVector":"8Lsj+fvPDNitn9KKGeIi8y.1","action":"SyncServerConnectionManagerRequest", "result":"SYNC_SERVER_OK", "context":{"environment":"Prod_EastAsia_000d", "migrationStage":"NotStarted", "server":"GENERAL01000013"}}
{"logTime": "1020/163754", "correlationVector":"8Lsj+fvPDNitn9KKGeIi8y.2","action":"GetUpdates", "result":"DeleteReceived", "context":{"id":"0d82c14f-1e7f-45b7-928f-e9feaea876c0", "isDeleted:":"true", "version":"1697819875042"}}
{"logTime": "1020/163754", "correlationVector":"8Lsj+fvPDNitn9KKGeIi8y.3","action":"GetUpdates Response", "result":"SYNCER_OK", "context":Received 2 update(s). cV=8Lsj+fvPDNitn9KKGeIi8y.0;server=GENERAL01000013;cloudType=Consumer;environment=Prod_EastAsia_000d;migrationStage=NotStarted}
{"logTime": "1020/163955", "correlationVector":"j+nICGVwx4p5+daX1Jk0qB","action":"Commit Request", "result":"", "context":Item count: 1
Contributing types: Sessions}
{"logTime": "1020/163955", "correlationVector":"j+nICGVwx4p5+daX1Jk0qB.1","action":"SyncServerConnectionManagerRequest", "result":"SYNC_SERVER_OK", "context":{"environment":"Prod_EastAsia_000d", "migrationStage":"NotStarted", "server":"GENERAL0100000A"}}
{"logTime": "1020/163955", "correlationVector":"j+nICGVwx4p5+daX1Jk0qB.2","action":"Commit Response", "result":"SYNCER_OK", "context":Result: SYNCER_OK. cV=j+nICGVwx4p5+daX1Jk0qB.0;server=GENERAL0100000A;cloudType=Consumer;environment=Prod_EastAsia_000d;migrationStage=NotStarted}
{"logTime": "1020/164402", "correlationVector":"6fjgeetMBc3ls3ZQZTHGVh","action":"Commit Request", "result":"", "context":Item count: 1
Contributing types: Sessions}
{"logTime": "1020/164403", "correlationVector":"6fjgeetMBc3ls3ZQZTHGVh.1","action":"SyncServerConnectionManagerRequest", "result":"SYNC_SERVER_OK", "context":{"environment":"Prod_EastAsia_000d", "migrationStage":"NotStarted", "server":"GENERAL0100002A"}}
{"logTime": "1020/164403", "correlationVector":"6fjgeetMBc3ls3ZQZTHGVh.2","action":"Commit Response", "result":"SYNCER_OK", "context":Result: SYNCER_OK. cV=6fjgeetMBc3ls3ZQZTHGVh.0;server=GENERAL0100002A;cloudType=Consumer;environment=Prod_EastAsia_000d;migrationStage=NotStarted}
{"logTime": "1020/164634", "correlationVector":"RnUyR072SgPr0ak501fysA","action":"Commit Request", "result":"", "context":Item count: 1
Contributing types: Sessions}
{"logTime": "1020/164634", "correlationVector":"RnUyR072SgPr0ak501fysA.1","action":"SyncServerConnectionManagerRequest", "result":"SYNC_SERVER_OK", "context":{"environment":"Prod_EastAsia_000d", "migrationStage":"NotStarted", "server":"GENERAL01000009"}}
{"logTime": "1020/164634", "correlationVector":"RnUyR072SgPr0ak501fysA.2","action":"Commit Response", "result":"SYNCER_OK", "context":Result: SYNCER_OK. cV=RnUyR072SgPr0ak501fysA.0;server=GENERAL01000009;cloudType=Consumer;environment=Prod_EastAsia_000d;migrationStage=NotStarted}
{"logTime": "1020/164818", "correlationVector":"fiQXfoGlOtQWN0pDOyVMmJ","action":"Commit Request", "result":"", "context":Item count: 1
Contributing types: Sessions}
{"logTime": "1020/164819", "correlationVector":"fiQXfoGlOtQWN0pDOyVMmJ.1","action":"SyncServerConnectionManagerRequest", "result":"SYNC_SERVER_OK", "context":{"environment":"Prod_EastAsia_000d", "migrationStage":"NotStarted", "server":"GENERAL0100001P"}}
{"logTime": "1020/164819", "correlationVector":"fiQXfoGlOtQWN0pDOyVMmJ.2","action":"Commit Response", "result":"SYNCER_OK", "context":Result: SYNCER_OK. cV=fiQXfoGlOtQWN0pDOyVMmJ.0;server=GENERAL0100001P;cloudType=Consumer;environment=Prod_EastAsia_000d;migrationStage=NotStarted}
{"logTime": "1020/165153", "correlationVector":"QIQlVtaSUeZqkgaXErH7Bz","action":"Commit Request", "result":"", "context":Item count: 1
Contributing types: Sessions}
{"logTime": "1020/165153", "correlationVector":"QIQlVtaSUeZqkgaXErH7Bz.1","action":"SyncServerConnectionManagerRequest", "result":"SYNC_SERVER_OK", "context":{"environment":"Prod_EastAsia_000d", "migrationStage":"NotStarted", "server":"GENERAL0100001B"}}
{"logTime": "1020/165153", "correlationVector":"QIQlVtaSUeZqkgaXErH7Bz.2","action":"Commit Response", "result":"SYNCER_OK", "context":Result: SYNCER_OK. cV=QIQlVtaSUeZqkgaXErH7Bz.0;server=GENERAL0100001B;cloudType=Consumer;environment=Prod_EastAsia_000d;migrationStage=NotStarted}
{"logTime": "1020/165237", "correlationVector":"Me64JEoeym6qB916cj3wHv","action":"Commit Request", "result":"", "context":Item count: 1
Contributing types: Sessions}
{"logTime": "1020/165238", "correlationVector":"Me64JEoeym6qB916cj3wHv.1","action":"SyncServerConnectionManagerRequest", "result":"SYNC_SERVER_OK", "context":{"environment":"Prod_EastAsia_000d", "migrationStage":"NotStarted", "server":"GENERAL01000021"}}
{"logTime": "1020/165238", "correlationVector":"Me64JEoeym6qB916cj3wHv.2","action":"Commit Response", "result":"SYNCER_OK", "context":Result: SYNCER_OK. cV=Me64JEoeym6qB916cj3wHv.0;server=GENERAL01000021;cloudType=Consumer;environment=Prod_EastAsia_000d;migrationStage=NotStarted}
{"logTime": "1020/165555", "correlationVector":"Ujmwp5BCAxAU2YHqPWJZo9","action":"Commit Request", "result":"", "context":Item count: 1
Contributing types: Sessions}
{"logTime": "1020/165555", "correlationVector":"Ujmwp5BCAxAU2YHqPWJZo9.1","action":"SyncServerConnectionManagerRequest", "result":"SYNC_SERVER_OK", "context":{"environment":"Prod_EastAsia_000d", "migrationStage":"NotStarted", "server":"GENERAL0100000L"}}
{"logTime": "1020/165555", "correlationVector":"Ujmwp5BCAxAU2YHqPWJZo9.2","action":"Commit Response", "result":"SYNCER_OK", "context":Result: SYNCER_OK. cV=Ujmwp5BCAxAU2YHqPWJZo9.0;server=GENERAL0100000L;cloudType=Consumer;environment=Prod_EastAsia_000d;migrationStage=NotStarted}
{"logTime": "1020/165719", "correlationVector":"sqw0I/g61jLqWX7NbJSNp2","action":"Commit Request", "result":"", "context":Item count: 1
Contributing types: Sessions}
{"logTime": "1020/165719", "correlationVector":"sqw0I/g61jLqWX7NbJSNp2.1","action":"SyncServerConnectionManagerRequest", "result":"SYNC_SERVER_OK", "context":{"environment":"Prod_EastAsia_000d", "migrationStage":"NotStarted", "server":"GENERAL01000023"}}
{"logTime": "1020/165719", "correlationVector":"sqw0I/g61jLqWX7NbJSNp2.2","action":"Commit Response", "result":"SYNCER_OK", "context":Result: SYNCER_OK. cV=sqw0I/g61jLqWX7NbJSNp2.0;server=GENERAL01000023;cloudType=Consumer;environment=Prod_EastAsia_000d;migrationStage=NotStarted}
{"logTime": "1020/165824", "correlationVector":"nWKvix0LWwDUutaXCfl34H","action":"Commit Request", "result":"", "context":Item count: 1
Contributing types: Sessions}
{"logTime": "1020/165824", "correlationVector":"nWKvix0LWwDUutaXCfl34H.1","action":"SyncServerConnectionManagerRequest", "result":"SYNC_SERVER_OK", "context":{"environment":"Prod_EastAsia_000d", "migrationStage":"NotStarted", "server":"GENERAL0100000A"}}
{"logTime": "1020/165824", "correlationVector":"nWKvix0LWwDUutaXCfl34H.2","action":"Commit Response", "result":"SYNCER_OK", "context":Result: SYNCER_OK. cV=nWKvix0LWwDUutaXCfl34H.0;server=GENERAL0100000A;cloudType=Consumer;environment=Prod_EastAsia_000d;migrationStage=NotStarted}
{"logTime": "1020/165945", "correlationVector":"4gM4gKOWOQKP/Oeh1abhKl","action":"Commit Request", "result":"", "context":Item count: 1
Contributing types: Sessions}
{"logTime": "1020/165945", "correlationVector":"4gM4gKOWOQKP/Oeh1abhKl.1","action":"SyncServerConnectionManagerRequest", "result":"SYNC_SERVER_OK", "context":{"environment":"Prod_EastAsia_000d", "migrationStage":"NotStarted", "server":"GENERAL0100001C"}}
{"logTime": "1020/165945", "correlationVector":"4gM4gKOWOQKP/Oeh1abhKl.2","action":"Commit Response", "result":"SYNCER_OK", "context":Result: SYNCER_OK. cV=4gM4gKOWOQKP/Oeh1abhKl.0;server=GENERAL0100001C;cloudType=Consumer;environment=Prod_EastAsia_000d;migrationStage=NotStarted}
{"logTime": "1020/170714", "correlationVector":"Hu6/XPOx5IFWcK9jUS47D4","action":"Commit Request", "result":"", "context":Item count: 1
Contributing types: Sessions}
{"logTime": "1020/170714", "correlationVector":"Hu6/XPOx5IFWcK9jUS47D4.1","action":"SyncServerConnectionManagerRequest", "result":"SYNC_SERVER_OK", "context":{"environment":"Prod_EastAsia_000d", "migrationStage":"NotStarted", "server":"GENERAL01000020"}}
{"logTime": "1020/170714", "correlationVector":"Hu6/XPOx5IFWcK9jUS47D4.2","action":"Commit Response", "result":"SYNCER_OK", "context":Result: SYNCER_OK. cV=Hu6/XPOx5IFWcK9jUS47D4.0;server=GENERAL01000020;cloudType=Consumer;environment=Prod_EastAsia_000d;migrationStage=NotStarted}
{"logTime": "1020/170959", "correlationVector":"Te6b183hWL6Ck+RcHIOXFY","action":"Commit Request", "result":"", "context":Item count: 1
Contributing types: Sessions}
{"logTime": "1020/170959", "correlationVector":"Te6b183hWL6Ck+RcHIOXFY.1","action":"SyncServerConnectionManagerRequest", "result":"SYNC_SERVER_OK", "context":{"environment":"Prod_EastAsia_000d", "migrationStage":"NotStarted", "server":"GENERAL0100000L"}}
{"logTime": "1020/170959", "correlationVector":"Te6b183hWL6Ck+RcHIOXFY.2","action":"Commit Response", "result":"SYNCER_OK", "context":Result: SYNCER_OK. cV=Te6b183hWL6Ck+RcHIOXFY.0;server=GENERAL0100000L;cloudType=Consumer;environment=Prod_EastAsia_000d;migrationStage=NotStarted}
{"logTime": "1020/171247", "correlationVector":"2ehcfrbN+DTtjr6e9iaAR3","action":"Commit Request", "result":"", "context":Item count: 1
Contributing types: Sessions}
{"logTime": "1020/171247", "correlationVector":"2ehcfrbN+DTtjr6e9iaAR3.1","action":"SyncServerConnectionManagerRequest", "result":"SYNC_SERVER_OK", "context":{"environment":"Prod_EastAsia_000d", "migrationStage":"NotStarted", "server":"GENERAL0100000W"}}
{"logTime": "1020/171247", "correlationVector":"2ehcfrbN+DTtjr6e9iaAR3.2","action":"Commit Response", "result":"SYNCER_OK", "context":Result: SYNCER_OK. cV=2ehcfrbN+DTtjr6e9iaAR3.0;server=GENERAL0100000W;cloudType=Consumer;environment=Prod_EastAsia_000d;migrationStage=NotStarted}
{"logTime": "1020/171650", "correlationVector":"2N95pdGrujBNBFp42Dl5HI","action":"Commit Request", "result":"", "context":Item count: 1
Contributing types: Sessions}
{"logTime": "1020/171650", "correlationVector":"2N95pdGrujBNBFp42Dl5HI.1","action":"SyncServerConnectionManagerRequest", "result":"SYNC_SERVER_OK", "context":{"environment":"Prod_EastAsia_000d", "migrationStage":"NotStarted", "server":"GENERAL01000009"}}
{"logTime": "1020/171650", "correlationVector":"2N95pdGrujBNBFp42Dl5HI.2","action":"Commit Response", "result":"SYNCER_OK", "context":Result: SYNCER_OK. cV=2N95pdGrujBNBFp42Dl5HI.0;server=GENERAL01000009;cloudType=Consumer;environment=Prod_EastAsia_000d;migrationStage=NotStarted}
{"logTime": "1020/171751", "correlationVector":"qOKF9xGw6YCeklDmObhV9m","action":"Commit Request", "result":"", "context":Item count: 1
Contributing types: Sessions}
{"logTime": "1020/171751", "correlationVector":"qOKF9xGw6YCeklDmObhV9m.1","action":"SyncServerConnectionManagerRequest", "result":"SYNC_SERVER_OK", "context":{"environment":"Prod_EastAsia_000d", "migrationStage":"NotStarted", "server":"GENERAL01000021"}}
{"logTime": "1020/171751", "correlationVector":"qOKF9xGw6YCeklDmObhV9m.2","action":"Commit Response", "result":"SYNCER_OK", "context":Result: SYNCER_OK. cV=qOKF9xGw6YCeklDmObhV9m.0;server=GENERAL01000021;cloudType=Consumer;environment=Prod_EastAsia_000d;migrationStage=NotStarted}
{"logTime": "1020/171854", "correlationVector":"ya/sAxONJSkB77QdWRzORk","action":"Commit Request", "result":"", "context":Item count: 1
Contributing types: Sessions}
{"logTime": "1020/171854", "correlationVector":"ya/sAxONJSkB77QdWRzORk.1","action":"SyncServerConnectionManagerRequest", "result":"SYNC_SERVER_OK", "context":{"environment":"Prod_EastAsia_000d", "migrationStage":"NotStarted", "server":"GENERAL0100000Q"}}
{"logTime": "1020/171854", "correlationVector":"ya/sAxONJSkB77QdWRzORk.2","action":"Commit Response", "result":"SYNCER_OK", "context":Result: SYNCER_OK. cV=ya/sAxONJSkB77QdWRzORk.0;server=GENERAL0100000Q;cloudType=Consumer;environment=Prod_EastAsia_000d;migrationStage=NotStarted}
